<?xml version="1.0" encoding="UTF-8"?>
<testng-results ignored="0" total="2" passed="2" failed="0" skipped="0">
  <reporter-output>
  </reporter-output>
  <suite started-at="2023-04-29T14:21:22 IST" name="All Test Suite" finished-at="2023-04-29T14:22:22 IST" duration-ms="59200">
    <groups>
    </groups>
    <test started-at="2023-04-29T14:21:22 IST" name="E:/Maven/LastFmTesting/.idea" finished-at="2023-04-29T14:22:22 IST" duration-ms="59200">
      <class name="org.last.fm.LoginTest">
        <test-method is-config="true" signature="setup()[pri:0, instance:org.last.fm.LoginTest@67d48005]" started-at="2023-04-29T14:21:35 IST" name="setup" finished-at="2023-04-29T14:21:47 IST" duration-ms="12144" status="PASS">
          <reporter-output>
          </reporter-output>
        </test-method> <!-- setup -->
        <test-method signature="loginVerification()[pri:2, instance:org.last.fm.LoginTest@67d48005]" started-at="2023-04-29T14:22:02 IST" name="loginVerification" finished-at="2023-04-29T14:22:22 IST" duration-ms="19294" status="PASS">
          <reporter-output>
          </reporter-output>
        </test-method> <!-- loginVerification -->
      </class> <!-- org.last.fm.LoginTest -->
      <class name="org.last.fm.FakeLoginTest">
        <test-method is-config="true" signature="setup()[pri:0, instance:org.last.fm.FakeLoginTest@3e58a80e]" started-at="2023-04-29T14:21:22 IST" name="setup" finished-at="2023-04-29T14:21:35 IST" duration-ms="12517" status="PASS">
          <reporter-output>
          </reporter-output>
        </test-method> <!-- setup -->
        <test-method signature="loginVerification()[pri:1, instance:org.last.fm.FakeLoginTest@3e58a80e]" started-at="2023-04-29T14:21:47 IST" name="loginVerification" finished-at="2023-04-29T14:22:02 IST" duration-ms="15205" status="PASS">
          <reporter-output>
          </reporter-output>
        </test-method> <!-- loginVerification -->
      </class> <!-- org.last.fm.FakeLoginTest -->
    </test> <!-- E:/Maven/LastFmTesting/.idea -->
  </suite> <!-- All Test Suite -->
</testng-results>
